{
  "0 debug pnpm:scope": {
    "selected": 1
  },
  "1 debug pnpm:package-manifest": {
    "initial": {
      "name": "app",
      "version": "1.0.0",
      "description": "",
      "main": "index.js",
      "scripts": {
        "test": "echo \"Error: no test specified\" && exit 1"
      },
      "keywords": [],
      "author": "",
      "license": "ISC"
    },
    "prefix": "/Users/thomaslau/projects/mark/share/bigquant/app"
  },
  "2 debug pnpm:context": {
    "currentLockfileExists": false,
    "storeDir": "/Users/thomaslau/Library/pnpm/store/v3",
    "virtualStoreDir": "/Users/thomaslau/projects/mark/share/bigquant/app/node_modules/.pnpm"
  },
  "3 debug pnpm:stage": {
    "prefix": "/Users/thomaslau/projects/mark/share/bigquant/app",
    "stage": "resolution_started"
  },
  "4 error pnpm": {
    "code": "ERR_PNPM_FETCH_404",
    "hint": "tsnode is not in the npm registry, or you have no permission to fetch it.\n\nNo authorization header was set for the request.",
    "request": {
      "url": "https://registry.npmjs.org/tsnode"
    },
    "response": {
      "size": 0
    },
    "pkgName": "tsnode",
    "spec": {
      "fetchSpec": "latest",
      "name": "tsnode",
      "type": "tag"
    },
    "pkgsStack": [],
    "err": {
      "name": "pnpm",
      "message": "GET https://registry.npmjs.org/tsnode: Not Found - 404",
      "code": "ERR_PNPM_FETCH_404",
      "stack": "pnpm: GET https://registry.npmjs.org/tsnode: Not Found - 404\n    at RetryOperation._fn (/usr/local/lib/node_modules/pnpm/dist/pnpm.cjs:85463:19)\n    at processTicksAndRejections (internal/process/task_queues.js:95:5)"
    }
  }
}